The system is: CYGWIN - 3.0.4(0.338/5/3) - i686
Compiling the C compiler identification source file "CMakeCCompilerId.c" succeeded.
Compiler: /usr/bin/cc 
Build flags: 
Id flags: 

The output was:
0


Compilation of the C compiler identification source "CMakeCCompilerId.c" produced "a.exe"

The C compiler identification is GNU, found in "/home/MM-PIHM/cvode/instdir/CMakeFiles/3.6.2/CompilerIdC/a.exe"

Determining if the C compiler works passed with the following output:
Change Dir: /home/MM-PIHM/cvode/instdir/CMakeFiles/CMakeTmp

Run Build Command:"/usr/bin/make.exe" "cmTC_bcfd7/fast"
make[1]: 进入目录“/home/MM-PIHM/cvode/instdir/CMakeFiles/CMakeTmp”
/usr/bin/make -f CMakeFiles/cmTC_bcfd7.dir/build.make CMakeFiles/cmTC_bcfd7.dir/build
make[2]: 进入目录“/home/MM-PIHM/cvode/instdir/CMakeFiles/CMakeTmp”
Building C object CMakeFiles/cmTC_bcfd7.dir/testCCompiler.c.o
/usr/bin/cc     -o CMakeFiles/cmTC_bcfd7.dir/testCCompiler.c.o   -c /home/MM-PIHM/cvode/instdir/CMakeFiles/CMakeTmp/testCCompiler.c
Linking C executable cmTC_bcfd7.exe
/usr/bin/cmake.exe -E cmake_link_script CMakeFiles/cmTC_bcfd7.dir/link.txt --verbose=1
/usr/bin/cc     -Wl,--enable-auto-import  CMakeFiles/cmTC_bcfd7.dir/testCCompiler.c.o  -o cmTC_bcfd7.exe -Wl,--out-implib,libcmTC_bcfd7.dll.a -Wl,--major-image-version,0,--minor-image-version,0  
make[2]: 离开目录“/home/MM-PIHM/cvode/instdir/CMakeFiles/CMakeTmp”
make[1]: 离开目录“/home/MM-PIHM/cvode/instdir/CMakeFiles/CMakeTmp”


Detecting C compiler ABI info compiled with the following output:
Change Dir: /home/MM-PIHM/cvode/instdir/CMakeFiles/CMakeTmp

Run Build Command:"/usr/bin/make.exe" "cmTC_2114d/fast"
make[1]: 进入目录“/home/MM-PIHM/cvode/instdir/CMakeFiles/CMakeTmp”
/usr/bin/make -f CMakeFiles/cmTC_2114d.dir/build.make CMakeFiles/cmTC_2114d.dir/build
make[2]: 进入目录“/home/MM-PIHM/cvode/instdir/CMakeFiles/CMakeTmp”
Building C object CMakeFiles/cmTC_2114d.dir/CMakeCCompilerABI.c.o
/usr/bin/cc     -o CMakeFiles/cmTC_2114d.dir/CMakeCCompilerABI.c.o   -c /usr/share/cmake-3.6.2/Modules/CMakeCCompilerABI.c
Linking C executable cmTC_2114d.exe
/usr/bin/cmake.exe -E cmake_link_script CMakeFiles/cmTC_2114d.dir/link.txt --verbose=1
/usr/bin/cc     -Wl,--enable-auto-import -v CMakeFiles/cmTC_2114d.dir/CMakeCCompilerABI.c.o  -o cmTC_2114d.exe -Wl,--out-implib,libcmTC_2114d.dll.a -Wl,--major-image-version,0,--minor-image-version,0   
使用内建 specs。
COLLECT_GCC=/usr/bin/cc
COLLECT_LTO_WRAPPER=/usr/lib/gcc/i686-pc-cygwin/7.4.0/lto-wrapper.exe
目标：i686-pc-cygwin
配置为：/cygdrive/i/szsz/tmpp/gcc/gcc-7.4.0-1.i686/src/gcc-7.4.0/configure --srcdir=/cygdrive/i/szsz/tmpp/gcc/gcc-7.4.0-1.i686/src/gcc-7.4.0 --prefix=/usr --exec-prefix=/usr --localstatedir=/var --sysconfdir=/etc --docdir=/usr/share/doc/gcc --htmldir=/usr/share/doc/gcc/html -C --build=i686-pc-cygwin --host=i686-pc-cygwin --target=i686-pc-cygwin --without-libiconv-prefix --without-libintl-prefix --libexecdir=/usr/lib --enable-shared --enable-shared-libgcc --enable-static --enable-version-specific-runtime-libs --enable-bootstrap --enable-__cxa_atexit --with-dwarf2 --with-arch=i686 --with-tune=generic --disable-sjlj-exceptions --enable-languages=ada,c,c++,fortran,lto,objc,obj-c++ --enable-graphite --enable-threads=posix --enable-libatomic --enable-libcilkrts --enable-libgomp --enable-libitm --enable-libquadmath --enable-libquadmath-support --disable-libssp --enable-libada --disable-symvers --with-gnu-ld --with-gnu-as --with-cloog-include=/usr/include/cloog-isl --without-libiconv-prefix --without-libintl-prefix --with-system-zlib --enable-linker-build-id --with-default-libstdcxx-abi=gcc4-compatible --enable-libstdcxx-filesystem-ts
线程模型：posix
gcc 版本 7.4.0 (GCC) 
COMPILER_PATH=/usr/lib/gcc/i686-pc-cygwin/7.4.0/:/usr/lib/gcc/i686-pc-cygwin/7.4.0/:/usr/lib/gcc/i686-pc-cygwin/:/usr/lib/gcc/i686-pc-cygwin/7.4.0/:/usr/lib/gcc/i686-pc-cygwin/:/usr/lib/gcc/i686-pc-cygwin/7.4.0/../../../../i686-pc-cygwin/bin/
LIBRARY_PATH=/usr/lib/gcc/i686-pc-cygwin/7.4.0/:/usr/lib/gcc/i686-pc-cygwin/7.4.0/../../../../i686-pc-cygwin/lib/:/usr/lib/gcc/i686-pc-cygwin/7.4.0/../../../:/lib/:/usr/lib/
COLLECT_GCC_OPTIONS='-v' '-o' 'cmTC_2114d.exe' '-mtune=generic' '-march=i686'
 /usr/lib/gcc/i686-pc-cygwin/7.4.0/collect2.exe -plugin /usr/lib/gcc/i686-pc-cygwin/7.4.0/cyglto_plugin.dll -plugin-opt=/usr/lib/gcc/i686-pc-cygwin/7.4.0/lto-wrapper.exe -plugin-opt=-fresolution=/tmp/ccW6FPfg.res -plugin-opt=-pass-through=-lgcc_s -plugin-opt=-pass-through=-lgcc -plugin-opt=-pass-through=-lcygwin -plugin-opt=-pass-through=-ladvapi32 -plugin-opt=-pass-through=-lshell32 -plugin-opt=-pass-through=-luser32 -plugin-opt=-pass-through=-lkernel32 -plugin-opt=-pass-through=-lgcc_s -plugin-opt=-pass-through=-lgcc --build-id --wrap _Znwj --wrap _Znaj --wrap _ZdlPv --wrap _ZdaPv --wrap _ZnwjRKSt9nothrow_t --wrap _ZnajRKSt9nothrow_t --wrap _ZdlPvRKSt9nothrow_t --wrap _ZdaPvRKSt9nothrow_t -Bdynamic --dll-search-prefix=cyg --large-address-aware --tsaware -o cmTC_2114d.exe /usr/lib/gcc/i686-pc-cygwin/7.4.0/../../../crt0.o /usr/lib/gcc/i686-pc-cygwin/7.4.0/crtbegin.o -L/usr/lib/gcc/i686-pc-cygwin/7.4.0 -L/usr/lib/gcc/i686-pc-cygwin/7.4.0/../../../../i686-pc-cygwin/lib -L/usr/lib/gcc/i686-pc-cygwin/7.4.0/../../.. --enable-auto-import CMakeFiles/cmTC_2114d.dir/CMakeCCompilerABI.c.o --out-implib libcmTC_2114d.dll.a --major-image-version 0 --minor-image-version 0 -lgcc_s -lgcc -lcygwin -ladvapi32 -lshell32 -luser32 -lkernel32 -lgcc_s -lgcc /usr/lib/gcc/i686-pc-cygwin/7.4.0/../../../default-manifest.o /usr/lib/gcc/i686-pc-cygwin/7.4.0/crtend.o
COLLECT_GCC_OPTIONS='-v' '-o' 'cmTC_2114d.exe' '-mtune=generic' '-march=i686'
make[2]: 离开目录“/home/MM-PIHM/cvode/instdir/CMakeFiles/CMakeTmp”
make[1]: 离开目录“/home/MM-PIHM/cvode/instdir/CMakeFiles/CMakeTmp”


Parsed C implicit link information from above output:
  link line regex: [^( *|.*[/\])(ld\.exe|([^/\]+-)?ld|collect2)[^/\]*( |$)]
  ignore line: [Change Dir: /home/MM-PIHM/cvode/instdir/CMakeFiles/CMakeTmp]
  ignore line: []
  ignore line: [Run Build Command:"/usr/bin/make.exe" "cmTC_2114d/fast"]
  ignore line: [make[1]: 进入目录“/home/MM-PIHM/cvode/instdir/CMakeFiles/CMakeTmp”]
  ignore line: [/usr/bin/make -f CMakeFiles/cmTC_2114d.dir/build.make CMakeFiles/cmTC_2114d.dir/build]
  ignore line: [make[2]: 进入目录“/home/MM-PIHM/cvode/instdir/CMakeFiles/CMakeTmp”]
  ignore line: [Building C object CMakeFiles/cmTC_2114d.dir/CMakeCCompilerABI.c.o]
  ignore line: [/usr/bin/cc     -o CMakeFiles/cmTC_2114d.dir/CMakeCCompilerABI.c.o   -c /usr/share/cmake-3.6.2/Modules/CMakeCCompilerABI.c]
  ignore line: [Linking C executable cmTC_2114d.exe]
  ignore line: [/usr/bin/cmake.exe -E cmake_link_script CMakeFiles/cmTC_2114d.dir/link.txt --verbose=1]
  ignore line: [/usr/bin/cc     -Wl,--enable-auto-import -v CMakeFiles/cmTC_2114d.dir/CMakeCCompilerABI.c.o  -o cmTC_2114d.exe -Wl,--out-implib,libcmTC_2114d.dll.a -Wl,--major-image-version,0,--minor-image-version,0   ]
  ignore line: [使用内建 specs。]
  ignore line: [COLLECT_GCC=/usr/bin/cc]
  ignore line: [COLLECT_LTO_WRAPPER=/usr/lib/gcc/i686-pc-cygwin/7.4.0/lto-wrapper.exe]
  ignore line: [目标：i686-pc-cygwin]
  ignore line: [配置为：/cygdrive/i/szsz/tmpp/gcc/gcc-7.4.0-1.i686/src/gcc-7.4.0/configure --srcdir=/cygdrive/i/szsz/tmpp/gcc/gcc-7.4.0-1.i686/src/gcc-7.4.0 --prefix=/usr --exec-prefix=/usr --localstatedir=/var --sysconfdir=/etc --docdir=/usr/share/doc/gcc --htmldir=/usr/share/doc/gcc/html -C --build=i686-pc-cygwin --host=i686-pc-cygwin --target=i686-pc-cygwin --without-libiconv-prefix --without-libintl-prefix --libexecdir=/usr/lib --enable-shared --enable-shared-libgcc --enable-static --enable-version-specific-runtime-libs --enable-bootstrap --enable-__cxa_atexit --with-dwarf2 --with-arch=i686 --with-tune=generic --disable-sjlj-exceptions --enable-languages=ada,c,c++,fortran,lto,objc,obj-c++ --enable-graphite --enable-threads=posix --enable-libatomic --enable-libcilkrts --enable-libgomp --enable-libitm --enable-libquadmath --enable-libquadmath-support --disable-libssp --enable-libada --disable-symvers --with-gnu-ld --with-gnu-as --with-cloog-include=/usr/include/cloog-isl --without-libiconv-prefix --without-libintl-prefix --with-system-zlib --enable-linker-build-id --with-default-libstdcxx-abi=gcc4-compatible --enable-libstdcxx-filesystem-ts]
  ignore line: [线程模型：posix]
  ignore line: [gcc 版本 7.4.0 (GCC) ]
  ignore line: [COMPILER_PATH=/usr/lib/gcc/i686-pc-cygwin/7.4.0/:/usr/lib/gcc/i686-pc-cygwin/7.4.0/:/usr/lib/gcc/i686-pc-cygwin/:/usr/lib/gcc/i686-pc-cygwin/7.4.0/:/usr/lib/gcc/i686-pc-cygwin/:/usr/lib/gcc/i686-pc-cygwin/7.4.0/../../../../i686-pc-cygwin/bin/]
  ignore line: [LIBRARY_PATH=/usr/lib/gcc/i686-pc-cygwin/7.4.0/:/usr/lib/gcc/i686-pc-cygwin/7.4.0/../../../../i686-pc-cygwin/lib/:/usr/lib/gcc/i686-pc-cygwin/7.4.0/../../../:/lib/:/usr/lib/]
  ignore line: [COLLECT_GCC_OPTIONS='-v' '-o' 'cmTC_2114d.exe' '-mtune=generic' '-march=i686']
  link line: [ /usr/lib/gcc/i686-pc-cygwin/7.4.0/collect2.exe -plugin /usr/lib/gcc/i686-pc-cygwin/7.4.0/cyglto_plugin.dll -plugin-opt=/usr/lib/gcc/i686-pc-cygwin/7.4.0/lto-wrapper.exe -plugin-opt=-fresolution=/tmp/ccW6FPfg.res -plugin-opt=-pass-through=-lgcc_s -plugin-opt=-pass-through=-lgcc -plugin-opt=-pass-through=-lcygwin -plugin-opt=-pass-through=-ladvapi32 -plugin-opt=-pass-through=-lshell32 -plugin-opt=-pass-through=-luser32 -plugin-opt=-pass-through=-lkernel32 -plugin-opt=-pass-through=-lgcc_s -plugin-opt=-pass-through=-lgcc --build-id --wrap _Znwj --wrap _Znaj --wrap _ZdlPv --wrap _ZdaPv --wrap _ZnwjRKSt9nothrow_t --wrap _ZnajRKSt9nothrow_t --wrap _ZdlPvRKSt9nothrow_t --wrap _ZdaPvRKSt9nothrow_t -Bdynamic --dll-search-prefix=cyg --large-address-aware --tsaware -o cmTC_2114d.exe /usr/lib/gcc/i686-pc-cygwin/7.4.0/../../../crt0.o /usr/lib/gcc/i686-pc-cygwin/7.4.0/crtbegin.o -L/usr/lib/gcc/i686-pc-cygwin/7.4.0 -L/usr/lib/gcc/i686-pc-cygwin/7.4.0/../../../../i686-pc-cygwin/lib -L/usr/lib/gcc/i686-pc-cygwin/7.4.0/../../.. --enable-auto-import CMakeFiles/cmTC_2114d.dir/CMakeCCompilerABI.c.o --out-implib libcmTC_2114d.dll.a --major-image-version 0 --minor-image-version 0 -lgcc_s -lgcc -lcygwin -ladvapi32 -lshell32 -luser32 -lkernel32 -lgcc_s -lgcc /usr/lib/gcc/i686-pc-cygwin/7.4.0/../../../default-manifest.o /usr/lib/gcc/i686-pc-cygwin/7.4.0/crtend.o]
    arg [/usr/lib/gcc/i686-pc-cygwin/7.4.0/collect2.exe] ==> ignore
    arg [-plugin] ==> ignore
    arg [/usr/lib/gcc/i686-pc-cygwin/7.4.0/cyglto_plugin.dll] ==> ignore
    arg [-plugin-opt=/usr/lib/gcc/i686-pc-cygwin/7.4.0/lto-wrapper.exe] ==> ignore
    arg [-plugin-opt=-fresolution=/tmp/ccW6FPfg.res] ==> ignore
    arg [-plugin-opt=-pass-through=-lgcc_s] ==> ignore
    arg [-plugin-opt=-pass-through=-lgcc] ==> ignore
    arg [-plugin-opt=-pass-through=-lcygwin] ==> ignore
    arg [-plugin-opt=-pass-through=-ladvapi32] ==> ignore
    arg [-plugin-opt=-pass-through=-lshell32] ==> ignore
    arg [-plugin-opt=-pass-through=-luser32] ==> ignore
    arg [-plugin-opt=-pass-through=-lkernel32] ==> ignore
    arg [-plugin-opt=-pass-through=-lgcc_s] ==> ignore
    arg [-plugin-opt=-pass-through=-lgcc] ==> ignore
    arg [--build-id] ==> ignore
    arg [--wrap] ==> ignore
    arg [_Znwj] ==> ignore
    arg [--wrap] ==> ignore
    arg [_Znaj] ==> ignore
    arg [--wrap] ==> ignore
    arg [_ZdlPv] ==> ignore
    arg [--wrap] ==> ignore
    arg [_ZdaPv] ==> ignore
    arg [--wrap] ==> ignore
    arg [_ZnwjRKSt9nothrow_t] ==> ignore
    arg [--wrap] ==> ignore
    arg [_ZnajRKSt9nothrow_t] ==> ignore
    arg [--wrap] ==> ignore
    arg [_ZdlPvRKSt9nothrow_t] ==> ignore
    arg [--wrap] ==> ignore
    arg [_ZdaPvRKSt9nothrow_t] ==> ignore
    arg [-Bdynamic] ==> ignore
    arg [--dll-search-prefix=cyg] ==> ignore
    arg [--large-address-aware] ==> ignore
    arg [--tsaware] ==> ignore
    arg [-o] ==> ignore
    arg [cmTC_2114d.exe] ==> ignore
    arg [/usr/lib/gcc/i686-pc-cygwin/7.4.0/../../../crt0.o] ==> ignore
    arg [/usr/lib/gcc/i686-pc-cygwin/7.4.0/crtbegin.o] ==> ignore
    arg [-L/usr/lib/gcc/i686-pc-cygwin/7.4.0] ==> dir [/usr/lib/gcc/i686-pc-cygwin/7.4.0]
    arg [-L/usr/lib/gcc/i686-pc-cygwin/7.4.0/../../../../i686-pc-cygwin/lib] ==> dir [/usr/lib/gcc/i686-pc-cygwin/7.4.0/../../../../i686-pc-cygwin/lib]
    arg [-L/usr/lib/gcc/i686-pc-cygwin/7.4.0/../../..] ==> dir [/usr/lib/gcc/i686-pc-cygwin/7.4.0/../../..]
    arg [--enable-auto-import] ==> ignore
    arg [CMakeFiles/cmTC_2114d.dir/CMakeCCompilerABI.c.o] ==> ignore
    arg [--out-implib] ==> ignore
    arg [libcmTC_2114d.dll.a] ==> ignore
    arg [--major-image-version] ==> ignore
    arg [0] ==> ignore
    arg [--minor-image-version] ==> ignore
    arg [0] ==> ignore
    arg [-lgcc_s] ==> lib [gcc_s]
    arg [-lgcc] ==> lib [gcc]
    arg [-lcygwin] ==> lib [cygwin]
    arg [-ladvapi32] ==> lib [advapi32]
    arg [-lshell32] ==> lib [shell32]
    arg [-luser32] ==> lib [user32]
    arg [-lkernel32] ==> lib [kernel32]
    arg [-lgcc_s] ==> lib [gcc_s]
    arg [-lgcc] ==> lib [gcc]
    arg [/usr/lib/gcc/i686-pc-cygwin/7.4.0/../../../default-manifest.o] ==> ignore
    arg [/usr/lib/gcc/i686-pc-cygwin/7.4.0/crtend.o] ==> ignore
  remove lib [gcc_s]
  remove lib [gcc]
  remove lib [gcc_s]
  remove lib [gcc]
  collapse library dir [/usr/lib/gcc/i686-pc-cygwin/7.4.0] ==> [/usr/lib/gcc/i686-pc-cygwin/7.4.0]
  collapse library dir [/usr/lib/gcc/i686-pc-cygwin/7.4.0/../../../../i686-pc-cygwin/lib] ==> [/usr/i686-pc-cygwin/lib]
  collapse library dir [/usr/lib/gcc/i686-pc-cygwin/7.4.0/../../..] ==> [/usr/lib]
  implicit libs: [cygwin;advapi32;shell32;user32;kernel32]
  implicit dirs: [/usr/lib/gcc/i686-pc-cygwin/7.4.0;/usr/i686-pc-cygwin/lib;/usr/lib]
  implicit fwks: []




Detecting C [-std=c11] compiler features compiled with the following output:
Change Dir: /home/MM-PIHM/cvode/instdir/CMakeFiles/CMakeTmp

Run Build Command:"/usr/bin/make.exe" "cmTC_628dc/fast"
make[1]: 进入目录“/home/MM-PIHM/cvode/instdir/CMakeFiles/CMakeTmp”
/usr/bin/make -f CMakeFiles/cmTC_628dc.dir/build.make CMakeFiles/cmTC_628dc.dir/build
make[2]: 进入目录“/home/MM-PIHM/cvode/instdir/CMakeFiles/CMakeTmp”
Building C object CMakeFiles/cmTC_628dc.dir/feature_tests.c.o
/usr/bin/cc    -std=c11 -o CMakeFiles/cmTC_628dc.dir/feature_tests.c.o   -c /home/MM-PIHM/cvode/instdir/CMakeFiles/feature_tests.c
Linking C executable cmTC_628dc.exe
/usr/bin/cmake.exe -E cmake_link_script CMakeFiles/cmTC_628dc.dir/link.txt --verbose=1
/usr/bin/cc     -Wl,--enable-auto-import  CMakeFiles/cmTC_628dc.dir/feature_tests.c.o  -o cmTC_628dc.exe -Wl,--out-implib,libcmTC_628dc.dll.a -Wl,--major-image-version,0,--minor-image-version,0  
make[2]: 离开目录“/home/MM-PIHM/cvode/instdir/CMakeFiles/CMakeTmp”
make[1]: 离开目录“/home/MM-PIHM/cvode/instdir/CMakeFiles/CMakeTmp”


    Feature record: C_FEATURE:1c_function_prototypes
    Feature record: C_FEATURE:1c_restrict
    Feature record: C_FEATURE:1c_static_assert
    Feature record: C_FEATURE:1c_variadic_macros


Detecting C [-std=c99] compiler features compiled with the following output:
Change Dir: /home/MM-PIHM/cvode/instdir/CMakeFiles/CMakeTmp

Run Build Command:"/usr/bin/make.exe" "cmTC_bafca/fast"
make[1]: 进入目录“/home/MM-PIHM/cvode/instdir/CMakeFiles/CMakeTmp”
/usr/bin/make -f CMakeFiles/cmTC_bafca.dir/build.make CMakeFiles/cmTC_bafca.dir/build
make[2]: 进入目录“/home/MM-PIHM/cvode/instdir/CMakeFiles/CMakeTmp”
Building C object CMakeFiles/cmTC_bafca.dir/feature_tests.c.o
/usr/bin/cc    -std=c99 -o CMakeFiles/cmTC_bafca.dir/feature_tests.c.o   -c /home/MM-PIHM/cvode/instdir/CMakeFiles/feature_tests.c
Linking C executable cmTC_bafca.exe
/usr/bin/cmake.exe -E cmake_link_script CMakeFiles/cmTC_bafca.dir/link.txt --verbose=1
/usr/bin/cc     -Wl,--enable-auto-import  CMakeFiles/cmTC_bafca.dir/feature_tests.c.o  -o cmTC_bafca.exe -Wl,--out-implib,libcmTC_bafca.dll.a -Wl,--major-image-version,0,--minor-image-version,0  
make[2]: 离开目录“/home/MM-PIHM/cvode/instdir/CMakeFiles/CMakeTmp”
make[1]: 离开目录“/home/MM-PIHM/cvode/instdir/CMakeFiles/CMakeTmp”


    Feature record: C_FEATURE:1c_function_prototypes
    Feature record: C_FEATURE:1c_restrict
    Feature record: C_FEATURE:0c_static_assert
    Feature record: C_FEATURE:1c_variadic_macros


Detecting C [-std=c90] compiler features compiled with the following output:
Change Dir: /home/MM-PIHM/cvode/instdir/CMakeFiles/CMakeTmp

Run Build Command:"/usr/bin/make.exe" "cmTC_266f7/fast"
make[1]: 进入目录“/home/MM-PIHM/cvode/instdir/CMakeFiles/CMakeTmp”
/usr/bin/make -f CMakeFiles/cmTC_266f7.dir/build.make CMakeFiles/cmTC_266f7.dir/build
make[2]: 进入目录“/home/MM-PIHM/cvode/instdir/CMakeFiles/CMakeTmp”
Building C object CMakeFiles/cmTC_266f7.dir/feature_tests.c.o
/usr/bin/cc    -std=c90 -o CMakeFiles/cmTC_266f7.dir/feature_tests.c.o   -c /home/MM-PIHM/cvode/instdir/CMakeFiles/feature_tests.c
Linking C executable cmTC_266f7.exe
/usr/bin/cmake.exe -E cmake_link_script CMakeFiles/cmTC_266f7.dir/link.txt --verbose=1
/usr/bin/cc     -Wl,--enable-auto-import  CMakeFiles/cmTC_266f7.dir/feature_tests.c.o  -o cmTC_266f7.exe -Wl,--out-implib,libcmTC_266f7.dll.a -Wl,--major-image-version,0,--minor-image-version,0  
make[2]: 离开目录“/home/MM-PIHM/cvode/instdir/CMakeFiles/CMakeTmp”
make[1]: 离开目录“/home/MM-PIHM/cvode/instdir/CMakeFiles/CMakeTmp”


    Feature record: C_FEATURE:1c_function_prototypes
    Feature record: C_FEATURE:0c_restrict
    Feature record: C_FEATURE:0c_static_assert
    Feature record: C_FEATURE:0c_variadic_macros
Determining if the _POSIX_TIMERS exist passed with the following output:
Change Dir: /home/MM-PIHM/cvode/instdir/CMakeFiles/CMakeTmp

Run Build Command:"/usr/bin/make.exe" "cmTC_9ae3e/fast"
make[1]: 进入目录“/home/MM-PIHM/cvode/instdir/CMakeFiles/CMakeTmp”
/usr/bin/make -f CMakeFiles/cmTC_9ae3e.dir/build.make CMakeFiles/cmTC_9ae3e.dir/build
make[2]: 进入目录“/home/MM-PIHM/cvode/instdir/CMakeFiles/CMakeTmp”
Building C object CMakeFiles/cmTC_9ae3e.dir/CheckSymbolExists.c.o
/usr/bin/cc     -o CMakeFiles/cmTC_9ae3e.dir/CheckSymbolExists.c.o   -c /home/MM-PIHM/cvode/instdir/CMakeFiles/CMakeTmp/CheckSymbolExists.c
Linking C executable cmTC_9ae3e.exe
/usr/bin/cmake.exe -E cmake_link_script CMakeFiles/cmTC_9ae3e.dir/link.txt --verbose=1
/usr/bin/cc     -Wl,--enable-auto-import  CMakeFiles/cmTC_9ae3e.dir/CheckSymbolExists.c.o  -o cmTC_9ae3e.exe -Wl,--out-implib,libcmTC_9ae3e.dll.a -Wl,--major-image-version,0,--minor-image-version,0  -lrt 
make[2]: 离开目录“/home/MM-PIHM/cvode/instdir/CMakeFiles/CMakeTmp”
make[1]: 离开目录“/home/MM-PIHM/cvode/instdir/CMakeFiles/CMakeTmp”

File /home/MM-PIHM/cvode/instdir/CMakeFiles/CMakeTmp/CheckSymbolExists.c:
/* */
#include <unistd.h>
#include <time.h>

int main(int argc, char** argv)
{
  (void)argv;
#ifndef _POSIX_TIMERS
  return ((int*)(&_POSIX_TIMERS))[argc];
#else
  (void)argc;
  return 0;
#endif
}

